<?xml version="1.0" encoding="UTF-8"?>
<!-- Generated by org.testng.reporters.JUnitXMLReporter -->
<testsuite hostname="Praveens-MacBook-Air.local" ignored="0" name="Default test" tests="4" failures="0" timestamp="01 Sep 2018 04:39:39 GMT" time="27.596" errors="0">
  <testcase name="TestCase1" time="12.521" classname="com.src.google.testcases.TestCase1"/>
  <testcase name="TestCase2" time="0.002" classname="com.src.google.testcases.TestCase1"/>
  <testcase name="TestCase2" time="0.001" classname="com.src.google.testcases.TestCase1"/>
  <testcase name="TestCase2" time="0.002" classname="com.src.google.testcases.TestCase1"/>
</testsuite> <!-- Default test -->
