<?xml version="1.0" encoding="UTF-8"?>
<!-- Generated by org.testng.reporters.JUnitXMLReporter -->
<testsuite hostname="Praveens-MacBook-Air.local" ignored="0" name="Test" tests="4" failures="0" timestamp="01 Sep 2018 04:40:44 GMT" time="26.932" errors="0">
  <testcase name="TestCase1" time="12.508" classname="com.src.google.testcases.TestCase1"/>
  <testcase name="TestCase2" time="0.002" classname="com.src.google.testcases.TestCase1"/>
  <testcase name="TestCase2" time="0.001" classname="com.src.google.testcases.TestCase1"/>
  <testcase name="TestCase2" time="0.001" classname="com.src.google.testcases.TestCase1"/>
</testsuite> <!-- Test -->
