<?xml version="1.0" encoding="UTF-8"?>
<testng-results skipped="0" failed="0" ignored="0" total="4" passed="4">
  <reporter-output>
  </reporter-output>
  <suite name="Suite" duration-ms="26932" started-at="2018-09-01T04:40:17Z" finished-at="2018-09-01T04:40:44Z">
    <groups>
    </groups>
    <test name="Test" duration-ms="26932" started-at="2018-09-01T04:40:17Z" finished-at="2018-09-01T04:40:44Z">
      <class name="com.src.google.testcases.TestCase1">
        <test-method status="PASS" signature="Setup()[pri:0, instance:com.src.google.testcases.TestCase1@e320068]" name="Setup" is-config="true" duration-ms="130" started-at="2018-09-01T04:40:17Z" finished-at="2018-09-01T04:40:17Z">
          <reporter-output>
          </reporter-output>
        </test-method> <!-- Setup -->
        <test-method status="PASS" signature="BeforeMethod()[pri:0, instance:com.src.google.testcases.TestCase1@e320068]" name="BeforeMethod" is-config="true" duration-ms="3812" started-at="2018-09-01T04:40:17Z" finished-at="2018-09-01T04:40:21Z">
          <reporter-output>
          </reporter-output>
        </test-method> <!-- BeforeMethod -->
        <test-method status="PASS" signature="TestCase1()[pri:0, instance:com.src.google.testcases.TestCase1@e320068]" name="TestCase1" duration-ms="12508" started-at="2018-09-01T04:40:21Z" finished-at="2018-09-01T04:40:33Z">
          <reporter-output>
          </reporter-output>
        </test-method> <!-- TestCase1 -->
        <test-method status="PASS" signature="teardown(org.testng.ITestResult)[pri:0, instance:com.src.google.testcases.TestCase1@e320068]" name="teardown" is-config="true" duration-ms="106" started-at="2018-09-01T04:40:33Z" finished-at="2018-09-01T04:40:34Z">
          <params>
            <param index="0">
              <value>
                <![CDATA[[TestResult name=TestCase1 status=SUCCESS method=TestCase1.TestCase1()[pri:0, instance:com.src.google.testcases.TestCase1@e320068] output={null}]]]>
              </value>
            </param>
          </params>
          <reporter-output>
          </reporter-output>
        </test-method> <!-- teardown -->
        <test-method status="PASS" signature="BeforeMethod()[pri:0, instance:com.src.google.testcases.TestCase1@e320068]" name="BeforeMethod" is-config="true" duration-ms="3441" started-at="2018-09-01T04:40:34Z" finished-at="2018-09-01T04:40:38Z">
          <reporter-output>
          </reporter-output>
        </test-method> <!-- BeforeMethod -->
        <test-method status="PASS" signature="TestCase2(java.lang.String, java.lang.String, java.lang.String, java.lang.String)[pri:0, instance:com.src.google.testcases.TestCase1@e320068]" name="TestCase2" duration-ms="2" started-at="2018-09-01T04:40:38Z" data-provider="DataDriven" finished-at="2018-09-01T04:40:38Z">
          <params>
            <param index="0">
              <value>
                <![CDATA[Mr.]]>
              </value>
            </param>
            <param index="1">
              <value>
                <![CDATA[Tom]]>
              </value>
            </param>
            <param index="2">
              <value>
                <![CDATA[Peter]]>
              </value>
            </param>
            <param index="3">
              <value>
                <![CDATA[Google]]>
              </value>
            </param>
          </params>
          <reporter-output>
          </reporter-output>
        </test-method> <!-- TestCase2 -->
        <test-method status="PASS" signature="teardown(org.testng.ITestResult)[pri:0, instance:com.src.google.testcases.TestCase1@e320068]" name="teardown" is-config="true" duration-ms="94" started-at="2018-09-01T04:40:38Z" finished-at="2018-09-01T04:40:38Z">
          <params>
            <param index="0">
              <value>
                <![CDATA[[TestResult name=TestCase2 status=SUCCESS method=TestCase1.TestCase2(java.lang.String, java.lang.String, java.lang.String, java.lang.String)[pri:0, instance:com.src.google.testcases.TestCase1@e320068] output={null}]]]>
              </value>
            </param>
          </params>
          <reporter-output>
          </reporter-output>
        </test-method> <!-- teardown -->
        <test-method status="PASS" signature="BeforeMethod()[pri:0, instance:com.src.google.testcases.TestCase1@e320068]" name="BeforeMethod" is-config="true" duration-ms="2886" started-at="2018-09-01T04:40:38Z" finished-at="2018-09-01T04:40:41Z">
          <reporter-output>
          </reporter-output>
        </test-method> <!-- BeforeMethod -->
        <test-method status="PASS" signature="TestCase2(java.lang.String, java.lang.String, java.lang.String, java.lang.String)[pri:0, instance:com.src.google.testcases.TestCase1@e320068]" name="TestCase2" duration-ms="1" started-at="2018-09-01T04:40:41Z" data-provider="DataDriven" finished-at="2018-09-01T04:40:41Z">
          <params>
            <param index="0">
              <value>
                <![CDATA[Dr.]]>
              </value>
            </param>
            <param index="1">
              <value>
                <![CDATA[David]]>
              </value>
            </param>
            <param index="2">
              <value>
                <![CDATA[Cris]]>
              </value>
            </param>
            <param index="3">
              <value>
                <![CDATA[Amazon]]>
              </value>
            </param>
          </params>
          <reporter-output>
          </reporter-output>
        </test-method> <!-- TestCase2 -->
        <test-method status="PASS" signature="teardown(org.testng.ITestResult)[pri:0, instance:com.src.google.testcases.TestCase1@e320068]" name="teardown" is-config="true" duration-ms="89" started-at="2018-09-01T04:40:41Z" finished-at="2018-09-01T04:40:41Z">
          <params>
            <param index="0">
              <value>
                <![CDATA[[TestResult name=TestCase2 status=SUCCESS method=TestCase1.TestCase2(java.lang.String, java.lang.String, java.lang.String, java.lang.String)[pri:0, instance:com.src.google.testcases.TestCase1@e320068] output={null}]]]>
              </value>
            </param>
          </params>
          <reporter-output>
          </reporter-output>
        </test-method> <!-- teardown -->
        <test-method status="PASS" signature="BeforeMethod()[pri:0, instance:com.src.google.testcases.TestCase1@e320068]" name="BeforeMethod" is-config="true" duration-ms="2678" started-at="2018-09-01T04:40:41Z" finished-at="2018-09-01T04:40:43Z">
          <reporter-output>
          </reporter-output>
        </test-method> <!-- BeforeMethod -->
        <test-method status="PASS" signature="TestCase2(java.lang.String, java.lang.String, java.lang.String, java.lang.String)[pri:0, instance:com.src.google.testcases.TestCase1@e320068]" name="TestCase2" duration-ms="1" started-at="2018-09-01T04:40:43Z" data-provider="DataDriven" finished-at="2018-09-01T04:40:43Z">
          <params>
            <param index="0">
              <value>
                <![CDATA[Mrs.]]>
              </value>
            </param>
            <param index="1">
              <value>
                <![CDATA[Mukta]]>
              </value>
            </param>
            <param index="2">
              <value>
                <![CDATA[Sharma]]>
              </value>
            </param>
            <param index="3">
              <value>
                <![CDATA[Ebay]]>
              </value>
            </param>
          </params>
          <reporter-output>
          </reporter-output>
        </test-method> <!-- TestCase2 -->
        <test-method status="PASS" signature="teardown(org.testng.ITestResult)[pri:0, instance:com.src.google.testcases.TestCase1@e320068]" name="teardown" is-config="true" duration-ms="89" started-at="2018-09-01T04:40:43Z" finished-at="2018-09-01T04:40:44Z">
          <params>
            <param index="0">
              <value>
                <![CDATA[[TestResult name=TestCase2 status=SUCCESS method=TestCase1.TestCase2(java.lang.String, java.lang.String, java.lang.String, java.lang.String)[pri:0, instance:com.src.google.testcases.TestCase1@e320068] output={null}]]]>
              </value>
            </param>
          </params>
          <reporter-output>
          </reporter-output>
        </test-method> <!-- teardown -->
        <test-method status="PASS" signature="AfterTest()[pri:0, instance:com.src.google.testcases.TestCase1@e320068]" name="AfterTest" is-config="true" duration-ms="390" started-at="2018-09-01T04:40:44Z" finished-at="2018-09-01T04:40:44Z">
          <reporter-output>
          </reporter-output>
        </test-method> <!-- AfterTest -->
      </class> <!-- com.src.google.testcases.TestCase1 -->
    </test> <!-- Test -->
  </suite> <!-- Suite -->
</testng-results>
